17:20:03,822 - sequence
17:20:03,825 - room RoomA3 contains blocks:  P Y B Y O Y
17:20:03,826 - room RoomA2 contains blocks:  R Y B Y
17:20:03,832 - room RoomB3 contains blocks:  P
17:20:03,832 - room RoomC1 contains blocks:  O G Y
17:20:03,833 - room RoomA1 contains blocks:  G O
17:20:03,833 - room RoomB2 contains blocks:  B Y P B
17:20:03,834 - room RoomC3 contains blocks:  P Y
17:20:03,834 - room RoomB1 contains blocks:  W O R P Y B
17:20:03,836 - room RoomC2 contains blocks: 
17:20:03,840 - sequence P B R Y Y Y
17:20:12,989 - action Bot_1 goTo(RoomB3)
17:20:20,543 - action Bot_1 goTo(RoomA1)
17:20:28,029 - action Bot_1 goTo(RoomA3)
17:20:31,913 - action Bot_1 goTo(DropZone)
17:20:42,359 - action Bot_1 goTo(RoomC2)
17:20:50,013 - action Bot_1 goTo(RoomB1)
17:20:56,698 - action Bot_1 goTo(RoomC1)
17:21:02,434 - action Bot_1 goTo(RoomB2)
17:21:09,142 - action Bot_1 goTo(RoomC3)
17:21:15,813 - action Bot_1 goTo(RoomA2)
17:25:43,487 - action Bot_1 goTo(RoomB3)
17:25:51,404 - action Bot_1 goTo(RoomA1)
17:25:58,874 - action Bot_1 goTo(RoomA3)
17:26:02,674 - action Bot_1 goTo(DropZone)
17:26:13,076 - action Bot_1 goTo(RoomC2)
17:26:20,684 - action Bot_1 goTo(RoomB1)
17:26:27,372 - action Bot_1 goTo(RoomC1)
17:26:33,087 - action Bot_1 goTo(RoomB2)
17:26:39,778 - action Bot_1 goTo(RoomC3)
17:26:46,441 - action Bot_1 goTo(RoomA2)
17:26:54,490 - Bot Bot_1 collided.
17:26:54,499 - action Bot_1 goTo(RoomA2)
17:26:55,418 - Bot Bot_1 collided.
17:26:55,432 - action Bot_1 goTo(RoomA2)
17:26:56,341 - Bot Bot_1 collided.
17:26:56,359 - action Bot_1 goTo(RoomA2)
17:26:57,266 - Bot Bot_1 collided.
17:26:57,282 - action Bot_1 goTo(RoomA2)
17:26:58,180 - Bot Bot_1 collided.
17:26:58,198 - action Bot_1 goTo(RoomA2)
17:26:59,112 - Bot Bot_1 collided.
17:26:59,131 - action Bot_1 goTo(RoomA2)
17:27:00,039 - Bot Bot_1 collided.
17:27:00,044 - action Bot_1 goTo(RoomA2)
17:27:00,967 - Bot Bot_1 collided.
17:27:00,975 - action Bot_1 goTo(RoomA2)
17:27:01,896 - Bot Bot_1 collided.
17:27:01,908 - action Bot_1 goTo(RoomA2)
17:27:02,826 - Bot Bot_1 collided.
17:27:02,835 - action Bot_1 goTo(RoomA2)
17:27:03,757 - Bot Bot_1 collided.
17:27:03,770 - action Bot_1 goTo(RoomA2)
17:27:04,683 - Bot Bot_1 collided.
17:27:04,695 - action Bot_1 goTo(RoomA2)
17:27:05,611 - Bot Bot_1 collided.
17:27:05,629 - action Bot_1 goTo(RoomA2)
17:27:06,541 - Bot Bot_1 collided.
17:27:06,550 - action Bot_1 goTo(RoomA2)
17:27:07,471 - Bot Bot_1 collided.
17:27:07,481 - action Bot_1 goTo(RoomA2)
17:27:08,401 - Bot Bot_1 collided.
17:27:08,414 - action Bot_1 goTo(RoomA2)
17:27:09,326 - Bot Bot_1 collided.
17:27:09,341 - action Bot_1 goTo(RoomA2)
17:27:10,255 - Bot Bot_1 collided.
17:27:10,261 - action Bot_1 goTo(RoomA2)
17:27:11,184 - Bot Bot_1 collided.
17:27:11,206 - action Bot_1 goTo(RoomA2)
17:27:12,113 - Bot Bot_1 collided.
17:27:12,126 - action Bot_1 goTo(RoomA2)
17:27:13,043 - Bot Bot_1 collided.
17:27:13,061 - action Bot_1 goTo(RoomA2)
17:27:13,974 - Bot Bot_1 collided.
17:27:13,987 - action Bot_1 goTo(RoomA2)
17:27:14,901 - Bot Bot_1 collided.
17:27:14,918 - action Bot_1 goTo(RoomA2)
17:27:15,828 - Bot Bot_1 collided.
17:27:15,845 - action Bot_1 goTo(RoomA2)
17:27:16,766 - Bot Bot_1 collided.
17:27:16,771 - action Bot_1 goTo(RoomA2)
17:27:17,699 - Bot Bot_1 collided.
17:27:17,712 - action Bot_1 goTo(RoomA2)
17:27:18,627 - Bot Bot_1 collided.
17:27:18,646 - action Bot_1 goTo(RoomA2)
17:27:19,556 - Bot Bot_1 collided.
17:27:19,562 - action Bot_1 goTo(RoomA2)
17:27:20,488 - Bot Bot_1 collided.
17:27:20,501 - action Bot_1 goTo(RoomA2)
17:27:21,412 - Bot Bot_1 collided.
17:27:21,417 - action Bot_1 goTo(RoomA2)
17:27:22,336 - Bot Bot_1 collided.
17:27:22,347 - action Bot_1 goTo(RoomA2)
17:27:23,248 - Bot Bot_1 collided.
17:27:23,256 - action Bot_1 goTo(RoomA2)
17:27:24,177 - Bot Bot_1 collided.
17:27:24,187 - action Bot_1 goTo(RoomA2)
17:27:25,107 - Bot Bot_1 collided.
17:27:25,123 - action Bot_1 goTo(RoomA2)
17:27:26,034 - Bot Bot_1 collided.
17:27:26,043 - action Bot_1 goTo(RoomA2)
17:27:26,963 - Bot Bot_1 collided.
17:27:26,980 - action Bot_1 goTo(RoomA2)
17:27:27,891 - Bot Bot_1 collided.
17:27:27,902 - action Bot_1 goTo(RoomA2)
17:27:28,820 - Bot Bot_1 collided.
17:27:28,836 - action Bot_1 goTo(RoomA2)
17:27:29,750 - Bot Bot_1 collided.
17:27:29,756 - action Bot_1 goTo(RoomA2)
17:27:30,682 - Bot Bot_1 collided.
17:27:30,702 - action Bot_1 goTo(RoomA2)
17:27:31,599 - Bot Bot_1 collided.
17:27:31,616 - action Bot_1 goTo(RoomA2)
17:27:32,525 - Bot Bot_1 collided.
17:27:32,540 - action Bot_1 goTo(RoomA2)
17:27:33,453 - Bot Bot_1 collided.
17:27:33,469 - action Bot_1 goTo(RoomA2)
17:27:34,381 - Bot Bot_1 collided.
17:27:34,388 - action Bot_1 goTo(RoomA2)
17:27:35,315 - Bot Bot_1 collided.
17:27:35,330 - action Bot_1 goTo(RoomA2)
17:27:36,252 - Bot Bot_1 collided.
17:27:36,266 - action Bot_1 goTo(RoomA2)
17:27:37,180 - Bot Bot_1 collided.
17:27:37,188 - action Bot_1 goTo(RoomA2)
17:27:38,111 - Bot Bot_1 collided.
17:27:38,126 - action Bot_1 goTo(RoomA2)
17:27:39,037 - Bot Bot_1 collided.
17:27:39,054 - action Bot_1 goTo(RoomA2)
17:27:39,968 - Bot Bot_1 collided.
17:27:39,983 - action Bot_1 goTo(RoomA2)
17:27:40,899 - Bot Bot_1 collided.
17:27:40,914 - action Bot_1 goTo(RoomA2)
17:27:41,824 - Bot Bot_1 collided.
17:27:41,830 - action Bot_1 goTo(RoomA2)
17:27:42,753 - Bot Bot_1 collided.
17:27:42,764 - action Bot_1 goTo(RoomA2)
17:27:43,682 - Bot Bot_1 collided.
17:27:43,697 - action Bot_1 goTo(RoomA2)
17:27:44,610 - Bot Bot_1 collided.
17:27:44,627 - action Bot_1 goTo(RoomA2)
17:27:45,551 - Bot Bot_1 collided.
17:27:45,565 - action Bot_1 goTo(RoomA2)
17:27:46,479 - Bot Bot_1 collided.
17:27:46,496 - action Bot_1 goTo(RoomA2)
17:27:47,408 - Bot Bot_1 collided.
17:27:47,417 - action Bot_1 goTo(RoomA2)
17:27:48,338 - Bot Bot_1 collided.
17:27:48,351 - action Bot_1 goTo(RoomA2)
17:27:49,277 - Bot Bot_1 collided.
17:27:49,294 - action Bot_1 goTo(RoomA2)
17:27:50,208 - Bot Bot_1 collided.
17:27:50,224 - action Bot_1 goTo(RoomA2)
17:27:51,123 - Bot Bot_1 collided.
17:27:51,133 - action Bot_1 goTo(RoomA2)
17:27:52,054 - Bot Bot_1 collided.
17:27:52,062 - action Bot_1 goTo(RoomA2)
17:27:52,982 - Bot Bot_1 collided.
17:27:52,993 - action Bot_1 goTo(RoomA2)
17:27:53,913 - Bot Bot_1 collided.
17:27:53,919 - action Bot_1 goTo(RoomA2)
17:27:54,842 - Bot Bot_1 collided.
17:27:54,853 - action Bot_1 goTo(RoomA2)
17:27:55,768 - Bot Bot_1 collided.
17:27:55,773 - action Bot_1 goTo(RoomA2)
17:27:56,697 - Bot Bot_1 collided.
17:27:56,714 - action Bot_1 goTo(RoomA2)
17:27:57,625 - Bot Bot_1 collided.
17:27:57,630 - action Bot_1 goTo(RoomA2)
17:27:58,554 - Bot Bot_1 collided.
17:27:58,567 - action Bot_1 goTo(RoomA2)
17:27:59,483 - Bot Bot_1 collided.
17:27:59,497 - action Bot_1 goTo(RoomA2)
17:28:00,425 - Bot Bot_1 collided.
17:28:00,439 - action Bot_1 goTo(RoomA2)
17:28:01,365 - Bot Bot_1 collided.
17:28:01,379 - action Bot_1 goTo(RoomA2)
17:28:02,294 - Bot Bot_1 collided.
17:28:02,310 - action Bot_1 goTo(RoomA2)
17:28:03,228 - Bot Bot_1 collided.
17:28:03,233 - action Bot_1 goTo(RoomA2)
17:28:04,163 - Bot Bot_1 collided.
17:28:04,179 - action Bot_1 goTo(RoomA2)
17:28:05,098 - Bot Bot_1 collided.
17:28:05,108 - action Bot_1 goTo(RoomA2)
17:28:06,020 - Bot Bot_1 collided.
17:28:06,036 - action Bot_1 goTo(RoomA2)
17:28:06,949 - Bot Bot_1 collided.
17:28:06,960 - action Bot_1 goTo(RoomA2)
17:28:07,877 - Bot Bot_1 collided.
17:28:07,889 - action Bot_1 goTo(RoomA2)
17:28:08,808 - Bot Bot_1 collided.
17:28:08,814 - action Bot_1 goTo(RoomA2)
17:28:09,738 - Bot Bot_1 collided.
17:28:09,743 - action Bot_1 goTo(RoomA2)
17:28:10,668 - Bot Bot_1 collided.
17:28:10,681 - action Bot_1 goTo(RoomA2)
17:28:11,606 - Bot Bot_1 collided.
17:28:11,622 - action Bot_1 goTo(RoomA2)
17:28:12,534 - Bot Bot_1 collided.
17:28:12,551 - action Bot_1 goTo(RoomA2)
17:28:13,453 - Bot Bot_1 collided.
17:28:13,461 - action Bot_1 goTo(RoomA2)
17:28:14,380 - Bot Bot_1 collided.
17:28:14,391 - action Bot_1 goTo(RoomA2)
17:28:15,317 - Bot Bot_1 collided.
17:28:15,334 - action Bot_1 goTo(RoomA2)
17:28:16,249 - Bot Bot_1 collided.
17:28:16,265 - action Bot_1 goTo(RoomA2)
17:28:17,178 - Bot Bot_1 collided.
17:28:17,197 - action Bot_1 goTo(RoomA2)
17:28:18,092 - Bot Bot_1 collided.
17:28:18,111 - action Bot_1 goTo(RoomA2)
17:28:19,013 - Bot Bot_1 collided.
17:28:19,019 - action Bot_1 goTo(RoomA2)
17:28:19,943 - Bot Bot_1 collided.
17:28:19,961 - action Bot_1 goTo(RoomA2)
17:28:20,870 - Bot Bot_1 collided.
17:28:20,879 - action Bot_1 goTo(RoomA2)
17:28:21,798 - Bot Bot_1 collided.
17:28:21,814 - action Bot_1 goTo(RoomA2)
17:28:22,727 - Bot Bot_1 collided.
17:28:22,737 - action Bot_1 goTo(RoomA2)
17:28:23,659 - Bot Bot_1 collided.
17:28:23,666 - action Bot_1 goTo(RoomA2)
17:28:24,585 - Bot Bot_1 collided.
17:28:24,594 - action Bot_1 goTo(RoomA2)
17:28:25,515 - Bot Bot_1 collided.
17:28:25,525 - action Bot_1 goTo(RoomA2)
17:28:26,445 - Bot Bot_1 collided.
17:28:26,453 - action Bot_1 goTo(RoomA2)
17:28:27,372 - Bot Bot_1 collided.
17:28:27,384 - action Bot_1 goTo(RoomA2)
17:28:28,300 - Bot Bot_1 collided.
17:28:28,306 - action Bot_1 goTo(RoomA2)
17:28:29,229 - Bot Bot_1 collided.
17:28:29,246 - action Bot_1 goTo(RoomA2)
17:28:30,159 - Bot Bot_1 collided.
17:28:30,167 - action Bot_1 goTo(RoomA2)
17:28:31,089 - Bot Bot_1 collided.
17:28:31,099 - action Bot_1 goTo(RoomA2)
17:28:32,017 - Bot Bot_1 collided.
17:28:32,032 - action Bot_1 goTo(RoomA2)
17:28:32,945 - Bot Bot_1 collided.
17:28:32,952 - action Bot_1 goTo(RoomA2)
17:28:33,891 - Bot Bot_1 collided.
17:28:33,903 - action Bot_1 goTo(RoomA2)
17:28:34,817 - Bot Bot_1 collided.
17:28:34,833 - action Bot_1 goTo(RoomA2)
17:28:35,743 - Bot Bot_1 collided.
17:28:35,751 - action Bot_1 goTo(RoomA2)
17:28:36,672 - Bot Bot_1 collided.
17:28:36,687 - action Bot_1 goTo(RoomA2)
17:28:37,601 - Bot Bot_1 collided.
17:28:37,616 - action Bot_1 goTo(RoomA2)
17:28:38,530 - Bot Bot_1 collided.
17:28:38,541 - action Bot_1 goTo(RoomA2)
17:28:39,459 - Bot Bot_1 collided.
17:28:39,480 - action Bot_1 goTo(RoomA2)
17:28:40,386 - Bot Bot_1 collided.
17:28:40,397 - action Bot_1 goTo(RoomA2)
17:28:41,318 - Bot Bot_1 collided.
17:28:41,326 - action Bot_1 goTo(RoomA2)
17:28:42,244 - Bot Bot_1 collided.
17:28:42,259 - action Bot_1 goTo(RoomA2)
17:28:43,173 - Bot Bot_1 collided.
17:28:43,181 - action Bot_1 goTo(RoomA2)
17:28:44,093 - Bot Bot_1 collided.
17:28:44,108 - action Bot_1 goTo(RoomA2)
17:28:45,003 - Bot Bot_1 collided.
17:28:45,017 - action Bot_1 goTo(RoomA2)
17:28:45,925 - Bot Bot_1 collided.
17:28:45,943 - action Bot_1 goTo(RoomA2)
17:28:46,844 - Bot Bot_1 collided.
17:28:46,858 - action Bot_1 goTo(RoomA2)
17:28:47,771 - Bot Bot_1 collided.
17:28:47,776 - action Bot_1 goTo(RoomA2)
17:28:48,700 - Bot Bot_1 collided.
17:28:48,710 - action Bot_1 goTo(RoomA2)
17:28:49,629 - Bot Bot_1 collided.
17:28:49,646 - action Bot_1 goTo(RoomA2)
17:28:50,545 - Bot Bot_1 collided.
17:28:50,555 - action Bot_1 goTo(RoomA2)
17:28:51,475 - Bot Bot_1 collided.
17:28:51,485 - action Bot_1 goTo(RoomA2)
17:28:52,405 - Bot Bot_1 collided.
17:28:52,415 - action Bot_1 goTo(RoomA2)
17:28:53,333 - Bot Bot_1 collided.
17:28:53,343 - action Bot_1 goTo(RoomA2)
17:28:54,261 - Bot Bot_1 collided.
17:28:54,275 - action Bot_1 goTo(RoomA2)
17:28:55,190 - Bot Bot_1 collided.
17:28:55,200 - action Bot_1 goTo(RoomA2)
17:28:56,106 - Bot Bot_1 collided.
17:28:56,112 - action Bot_1 goTo(RoomA2)
17:28:57,036 - Bot Bot_1 collided.
17:28:57,048 - action Bot_1 goTo(RoomA2)
17:28:57,964 - Bot Bot_1 collided.
17:28:57,979 - action Bot_1 goTo(RoomA2)
17:28:58,896 - Bot Bot_1 collided.
17:28:58,909 - action Bot_1 goTo(RoomA2)
17:28:59,825 - Bot Bot_1 collided.
17:28:59,834 - action Bot_1 goTo(RoomA2)
17:29:00,757 - Bot Bot_1 collided.
17:29:00,768 - action Bot_1 goTo(RoomA2)
17:29:01,692 - Bot Bot_1 collided.
17:29:01,707 - action Bot_1 goTo(RoomA2)
17:29:02,620 - Bot Bot_1 collided.
17:29:02,632 - action Bot_1 goTo(RoomA2)
17:29:03,550 - Bot Bot_1 collided.
17:29:03,567 - action Bot_1 goTo(RoomA2)
17:29:04,469 - Bot Bot_1 collided.
17:29:04,485 - action Bot_1 goTo(RoomA2)
17:29:05,396 - Bot Bot_1 collided.
17:29:05,416 - action Bot_1 goTo(RoomA2)
17:29:06,327 - Bot Bot_1 collided.
17:29:06,333 - action Bot_1 goTo(RoomA2)
17:29:07,255 - Bot Bot_1 collided.
17:29:07,268 - action Bot_1 goTo(RoomA2)
17:29:08,186 - Bot Bot_1 collided.
17:29:08,195 - action Bot_1 goTo(RoomA2)
17:29:09,122 - Bot Bot_1 collided.
17:29:09,135 - action Bot_1 goTo(RoomA2)
17:29:10,063 - Bot Bot_1 collided.
17:29:10,068 - action Bot_1 goTo(RoomA2)
17:29:10,994 - Bot Bot_1 collided.
17:29:11,009 - action Bot_1 goTo(RoomA2)
17:29:11,920 - Bot Bot_1 collided.
17:29:11,935 - action Bot_1 goTo(RoomA2)
17:29:12,849 - Bot Bot_1 collided.
17:29:12,859 - action Bot_1 goTo(RoomA2)
17:29:13,790 - Bot Bot_1 collided.
17:29:13,804 - action Bot_1 goTo(RoomA2)
17:29:14,725 - Bot Bot_1 collided.
17:29:14,744 - action Bot_1 goTo(RoomA2)
17:29:15,652 - Bot Bot_1 collided.
17:29:15,669 - action Bot_1 goTo(RoomA2)
17:29:16,580 - Bot Bot_1 collided.
17:29:16,595 - action Bot_1 goTo(RoomA2)
17:29:17,489 - Bot Bot_1 collided.
17:29:17,505 - action Bot_1 goTo(RoomA2)
17:29:18,400 - Bot Bot_1 collided.
17:29:18,418 - action Bot_1 goTo(RoomA2)
17:29:19,334 - Bot Bot_1 collided.
17:29:19,344 - action Bot_1 goTo(RoomA2)
17:29:20,268 - Bot Bot_1 collided.
17:29:20,273 - action Bot_1 goTo(RoomA2)
17:29:21,199 - Bot Bot_1 collided.
17:29:21,206 - action Bot_1 goTo(RoomA2)
17:29:22,126 - Bot Bot_1 collided.
17:29:22,131 - action Bot_1 goTo(RoomA2)
17:29:23,057 - Bot Bot_1 collided.
17:29:23,073 - action Bot_1 goTo(RoomA2)
17:29:23,999 - Bot Bot_1 collided.
17:29:24,008 - action Bot_1 goTo(RoomA2)
17:29:24,926 - Bot Bot_1 collided.
17:29:24,936 - action Bot_1 goTo(RoomA2)
17:29:25,864 - Bot Bot_1 collided.
17:29:25,880 - action Bot_1 goTo(RoomA2)
17:29:26,793 - Bot Bot_1 collided.
17:29:26,812 - action Bot_1 goTo(RoomA2)
17:29:27,712 - Bot Bot_1 collided.
17:29:27,726 - action Bot_1 goTo(RoomA2)
17:29:28,626 - Bot Bot_1 collided.
17:29:28,644 - action Bot_1 goTo(RoomA2)
17:29:29,547 - Bot Bot_1 collided.
17:29:29,552 - action Bot_1 goTo(RoomA2)
17:29:30,493 - Bot Bot_1 collided.
17:29:30,505 - action Bot_1 goTo(RoomA2)
17:29:31,444 - Bot Bot_1 collided.
17:29:31,461 - action Bot_1 goTo(RoomA2)
17:29:32,395 - Bot Bot_1 collided.
17:29:32,412 - action Bot_1 goTo(RoomA2)
17:29:33,370 - Bot Bot_1 collided.
17:29:33,382 - action Bot_1 goTo(RoomA2)
17:29:34,340 - Bot Bot_1 collided.
17:29:34,346 - action Bot_1 goTo(RoomA2)
17:29:35,276 - Bot Bot_1 collided.
17:29:35,284 - action Bot_1 goTo(RoomA2)
17:29:36,223 - Bot Bot_1 collided.
17:29:36,233 - action Bot_1 goTo(RoomA2)
17:29:37,160 - Bot Bot_1 collided.
17:29:37,170 - action Bot_1 goTo(RoomA2)
17:29:38,110 - Bot Bot_1 collided.
17:29:38,117 - action Bot_1 goTo(RoomA2)
17:29:39,046 - Bot Bot_1 collided.
17:29:39,054 - action Bot_1 goTo(RoomA2)
17:29:39,987 - Bot Bot_1 collided.
17:29:40,003 - action Bot_1 goTo(RoomA2)
17:29:40,915 - Bot Bot_1 collided.
17:29:40,925 - action Bot_1 goTo(RoomA2)
17:29:41,833 - Bot Bot_1 collided.
17:29:41,846 - action Bot_1 goTo(RoomA2)
17:29:42,762 - Bot Bot_1 collided.
17:29:42,770 - action Bot_1 goTo(RoomA2)
17:29:43,692 - Bot Bot_1 collided.
17:29:43,699 - action Bot_1 goTo(RoomA2)
17:29:44,619 - Bot Bot_1 collided.
17:29:44,633 - action Bot_1 goTo(RoomA2)
17:29:45,548 - Bot Bot_1 collided.
17:29:45,552 - action Bot_1 goTo(RoomA2)
17:29:46,490 - Bot Bot_1 collided.
17:29:46,503 - action Bot_1 goTo(RoomA2)
17:29:47,433 - Bot Bot_1 collided.
17:29:47,449 - action Bot_1 goTo(RoomA2)
17:29:48,361 - Bot Bot_1 collided.
17:29:48,378 - action Bot_1 goTo(RoomA2)
17:29:49,287 - Bot Bot_1 collided.
17:29:49,298 - action Bot_1 goTo(RoomA2)
17:29:50,221 - Bot Bot_1 collided.
17:29:50,232 - action Bot_1 goTo(RoomA2)
17:29:51,143 - Bot Bot_1 collided.
17:29:51,150 - action Bot_1 goTo(RoomA2)
17:29:52,067 - Bot Bot_1 collided.
17:29:52,075 - action Bot_1 goTo(RoomA2)
17:29:52,967 - Bot Bot_1 collided.
17:29:52,972 - action Bot_1 goTo(RoomA2)
17:29:53,896 - Bot Bot_1 collided.
17:29:53,915 - action Bot_1 goTo(RoomA2)
17:29:54,827 - Bot Bot_1 collided.
17:29:54,843 - action Bot_1 goTo(RoomA2)
17:29:55,753 - Bot Bot_1 collided.
17:29:55,769 - action Bot_1 goTo(RoomA2)
17:29:56,685 - Bot Bot_1 collided.
17:29:56,689 - action Bot_1 goTo(RoomA2)
17:29:57,622 - Bot Bot_1 collided.
17:29:57,627 - action Bot_1 goTo(RoomA2)
17:29:58,563 - Bot Bot_1 collided.
17:29:58,575 - action Bot_1 goTo(RoomA2)
17:29:59,492 - Bot Bot_1 collided.
17:29:59,499 - action Bot_1 goTo(RoomA2)
17:30:00,426 - Bot Bot_1 collided.
17:30:00,441 - action Bot_1 goTo(RoomA2)
17:30:01,362 - Bot Bot_1 collided.
17:30:01,380 - action Bot_1 goTo(RoomA2)
17:30:02,296 - Bot Bot_1 collided.
17:30:02,308 - action Bot_1 goTo(RoomA2)
17:30:03,235 - Bot Bot_1 collided.
17:30:03,247 - action Bot_1 goTo(RoomA2)
17:30:04,172 - Bot Bot_1 collided.
17:30:04,177 - action Bot_1 goTo(RoomA2)
17:30:05,101 - Bot Bot_1 collided.
17:30:05,109 - action Bot_1 goTo(RoomA2)
17:30:06,029 - Bot Bot_1 collided.
17:30:06,041 - action Bot_1 goTo(RoomA2)
17:30:06,958 - Bot Bot_1 collided.
17:30:06,969 - action Bot_1 goTo(RoomA2)
17:30:07,883 - Bot Bot_1 collided.
17:30:07,901 - action Bot_1 goTo(RoomA2)
17:30:08,827 - Bot Bot_1 collided.
17:30:08,839 - action Bot_1 goTo(RoomA2)
17:30:09,755 - Bot Bot_1 collided.
17:30:09,772 - action Bot_1 goTo(RoomA2)
17:30:10,684 - Bot Bot_1 collided.
17:30:10,689 - action Bot_1 goTo(RoomA2)
17:30:11,613 - Bot Bot_1 collided.
17:30:11,620 - action Bot_1 goTo(RoomA2)
17:30:12,550 - Bot Bot_1 collided.
17:30:12,554 - action Bot_1 goTo(RoomA2)
17:30:13,483 - Bot Bot_1 collided.
17:30:13,494 - action Bot_1 goTo(RoomA2)
17:30:14,411 - Bot Bot_1 collided.
17:30:14,416 - action Bot_1 goTo(RoomA2)
17:30:15,343 - Bot Bot_1 collided.
17:30:15,355 - action Bot_1 goTo(RoomA2)
17:30:16,272 - Bot Bot_1 collided.
17:30:16,288 - action Bot_1 goTo(RoomA2)
17:30:17,209 - Bot Bot_1 collided.
17:30:17,222 - action Bot_1 goTo(RoomA2)
17:30:18,142 - Bot Bot_1 collided.
17:30:18,149 - action Bot_1 goTo(RoomA2)
17:30:19,055 - Bot Bot_1 collided.
17:30:19,072 - action Bot_1 goTo(RoomA2)
17:30:19,986 - Bot Bot_1 collided.
17:30:19,994 - action Bot_1 goTo(RoomA2)
17:30:20,914 - Bot Bot_1 collided.
17:30:20,932 - action Bot_1 goTo(RoomA2)
17:30:21,846 - Bot Bot_1 collided.
17:30:21,851 - action Bot_1 goTo(RoomA2)
17:30:22,776 - Bot Bot_1 collided.
17:30:22,792 - action Bot_1 goTo(RoomA2)
17:30:23,703 - Bot Bot_1 collided.
17:30:23,716 - action Bot_1 goTo(RoomA2)
17:30:24,629 - Bot Bot_1 collided.
17:30:24,642 - action Bot_1 goTo(RoomA2)
17:30:25,558 - Bot Bot_1 collided.
17:30:25,567 - action Bot_1 goTo(RoomA2)
17:30:26,502 - Bot Bot_1 collided.
17:30:26,513 - action Bot_1 goTo(RoomA2)
17:30:27,427 - Bot Bot_1 collided.
17:30:27,440 - action Bot_1 goTo(RoomA2)
17:30:28,358 - Bot Bot_1 collided.
17:30:28,366 - action Bot_1 goTo(RoomA2)
17:30:29,286 - Bot Bot_1 collided.
17:30:29,303 - action Bot_1 goTo(RoomA2)
17:30:30,218 - Bot Bot_1 collided.
17:30:30,228 - action Bot_1 goTo(RoomA2)
17:30:31,142 - Bot Bot_1 collided.
17:30:31,156 - action Bot_1 goTo(RoomA2)
17:30:32,074 - Bot Bot_1 collided.
17:30:32,080 - action Bot_1 goTo(RoomA2)
17:30:33,000 - Bot Bot_1 collided.
17:30:33,011 - action Bot_1 goTo(RoomA2)
17:30:33,928 - Bot Bot_1 collided.
17:30:33,939 - action Bot_1 goTo(RoomA2)
17:30:34,858 - Bot Bot_1 collided.
17:30:34,866 - action Bot_1 goTo(RoomA2)
17:30:35,785 - Bot Bot_1 collided.
17:30:35,793 - action Bot_1 goTo(RoomA2)
17:30:36,714 - Bot Bot_1 collided.
17:30:36,727 - action Bot_1 goTo(RoomA2)
17:30:37,633 - Bot Bot_1 collided.
17:30:37,639 - action Bot_1 goTo(RoomA2)
17:30:38,560 - Bot Bot_1 collided.
17:30:38,569 - action Bot_1 goTo(RoomA2)
17:30:39,492 - Bot Bot_1 collided.
17:30:39,511 - action Bot_1 goTo(RoomA2)
17:30:40,419 - Bot Bot_1 collided.
17:30:40,429 - action Bot_1 goTo(RoomA2)
17:30:41,347 - Bot Bot_1 collided.
17:30:41,354 - action Bot_1 goTo(RoomA2)
17:30:42,275 - Bot Bot_1 collided.
17:30:42,287 - action Bot_1 goTo(RoomA2)
17:30:43,206 - Bot Bot_1 collided.
17:30:43,211 - action Bot_1 goTo(RoomA2)
17:30:44,130 - Bot Bot_1 collided.
